
running 0 tests

test result: ok. 0 passed; 0 failed; 0 ignored; 0 measured; 16 filtered out; finished in 0.00s


running 0 tests

test result: ok. 0 passed; 0 failed; 0 ignored; 0 measured; 824 filtered out; finished in 0.00s


running 0 tests

test result: ok. 0 passed; 0 failed; 0 ignored; 0 measured; 0 filtered out; finished in 0.00s


running 0 tests

test result: ok. 0 passed; 0 failed; 0 ignored; 0 measured; 1 filtered out; finished in 0.00s


running 0 tests

test result: ok. 0 passed; 0 failed; 0 ignored; 0 measured; 0 filtered out; finished in 0.00s


running 0 tests

test result: ok. 0 passed; 0 failed; 0 ignored; 0 measured; 0 filtered out; finished in 0.00s


running 1 test
extrude
extrude
extrude
extrude
extrude
extrude
extrude
extrude
extrude
extrude
extrude
extrude
extrude
extrude
extrude
extrude
extrude
extrude
extrude
extrude
extrude
extrude
extrude
extrude
extrude
extrude
extrude
extrude
extrude
extrude
extrude
extrude
extrude
extrude
extrude
extrude
extrude
extrude
extrude
extrude
extrude
extrude
extrude
extrude
extrude
extrude
extrude
extrude
extrude
extrude
extrude
extrude
extrude
extrude
extrude
extrude
extrude
extrude
extrude
extrude
extrude
test visuals::server_rack_heavy has been running for over 60 seconds
extrude
extrude
extrude
extrude
extrude
extrude
extrude
extrude
extrude
extrude
extrude
extrude
extrude
extrude
extrude
extrude
extrude
extrude
extrude
extrude
extrude
extrude
extrude
extrude
extrude
extrude
extrude
extrude
extrude
extrude
extrude
extrude
extrude
extrude
extrude
extrude
extrude
extrude
extrude
test visuals::server_rack_heavy ... FAILED

failures:

failures:
    visuals::server_rack_heavy

test result: FAILED. 0 passed; 1 failed; 0 ignored; 0 measured; 142 filtered out; finished in 279.58s

